<?xml version="1.0" encoding="UTF-8"?>
<testng-results ignored="0" total="1" passed="1" failed="0" skipped="0">
  <reporter-output>
  </reporter-output>
  <suite started-at="2021-11-15T00:33:41 IST" name="Default suite" finished-at="2021-11-15T00:34:19 IST" duration-ms="38251">
    <groups>
    </groups>
    <test started-at="2021-11-15T00:33:41 IST" name="Default test" finished-at="2021-11-15T00:34:19 IST" duration-ms="38251">
      <class name="TestScript.ContactsScreenTest">
        <test-method is-config="true" signature="setup()[pri:0, instance:TestScript.ContactsScreenTest@6fd83fc1]" started-at="2021-11-15T00:33:41 IST" name="setup" finished-at="2021-11-15T00:34:08 IST" duration-ms="27077" status="PASS">
          <reporter-output>
          </reporter-output>
        </test-method> <!-- setup -->
        <test-method signature="ContactsScreenTestScript()[pri:0, instance:TestScript.ContactsScreenTest@6fd83fc1]" started-at="2021-11-15T00:34:08 IST" name="ContactsScreenTestScript" finished-at="2021-11-15T00:34:19 IST" duration-ms="11056" status="PASS">
          <reporter-output>
          </reporter-output>
        </test-method> <!-- ContactsScreenTestScript -->
        <test-method is-config="true" signature="teardown()[pri:0, instance:TestScript.ContactsScreenTest@6fd83fc1]" started-at="2021-11-15T00:34:19 IST" name="teardown" finished-at="2021-11-15T00:34:19 IST" duration-ms="1" status="PASS">
          <reporter-output>
          </reporter-output>
        </test-method> <!-- teardown -->
      </class> <!-- TestScript.ContactsScreenTest -->
    </test> <!-- Default test -->
  </suite> <!-- Default suite -->
</testng-results>
